Using pre-set license
Built from '2020.3/staging' branch; Version is '2020.3.3f1 (76626098c1c4) revision 7758432'; Using compiler version '192528614'; Build Type 'Release'
OS: 'Windows 10 Pro; OS build 19045.2604; Version 2009; 64bit' Language: 'en' Physical Memory: 32598 MB
BatchMode: 1, IsHumanControllingUs: 0, StartBugReporterOnCrash: 0, Is64bit: 1, IsPro: 0

 COMMAND LINE ARGUMENTS:
C:\Intel\Unity\2020.3.3f1\Editor\Unity.exe
-adb2
-batchMode
-noUpm
-name
AssetImportWorker0
-projectPath
C:/Intel/Unity/Save-Load-Training
-logFile
Logs/AssetImportWorker0.log
-srvPort
58517
Successfully changed project path to: C:/Intel/Unity/Save-Load-Training
C:/Intel/Unity/Save-Load-Training
Using Asset Import Pipeline V2.
Refreshing native plugins compatible for Editor in 30.77 ms, found 2 plugins.
Preloading 0 native plugins for Editor in 0.00 ms.
Initialize engine version: 2020.3.3f1 (76626098c1c4)
[Subsystems] Discovering subsystems at path C:/Intel/Unity/2020.3.3f1/Editor/Data/Resources/UnitySubsystems
[Subsystems] Discovering subsystems at path C:/Intel/Unity/Save-Load-Training/Assets
GfxDevice: creating device client; threaded=0
Direct3D:
    Version:  Direct3D 11.0 [level 11.1]
    Renderer: NVIDIA GeForce GTX 1080 (ID=0x1b80)
    Vendor:   
    VRAM:     8079 MB
    Driver:   27.21.14.5751
Initialize mono
Mono path[0] = 'C:/Intel/Unity/2020.3.3f1/Editor/Data/Managed'
Mono path[1] = 'C:/Intel/Unity/2020.3.3f1/Editor/Data/MonoBleedingEdge/lib/mono/unityjit'
Mono config path = 'C:/Intel/Unity/2020.3.3f1/Editor/Data/MonoBleedingEdge/etc'
Using monoOptions --debugger-agent=transport=dt_socket,embedding=1,server=y,suspend=n,address=127.0.0.1:56052
Begin MonoManager ReloadAssembly
Registering precompiled unity dll's ...
Register platform support module: C:/Intel/Unity/2020.3.3f1/Editor/Data/PlaybackEngines/WebGLSupport/UnityEditor.WebGL.Extensions.dll
Register platform support module: C:/Intel/Unity/2020.3.3f1/Editor/Data/PlaybackEngines/WindowsStandaloneSupport/UnityEditor.WindowsStandalone.Extensions.dll
Registered in 0.004259 seconds.
Native extension for WindowsStandalone target not found
Native extension for WebGL target not found
Refreshing native plugins compatible for Editor in 24.49 ms, found 2 plugins.
Preloading 0 native plugins for Editor in 0.00 ms.
Invoked RoslynAnalysisRunner static constructor.
RoslynAnalysisRunner will not be running.
RoslynAnalysisRunner has terminated.
Mono: successfully reloaded assembly
- Completed reload, in  1.328 seconds
Platform modules already initialized, skipping
Registering precompiled user dll's ...
Registered in 0.010034 seconds.
Begin MonoManager ReloadAssembly
Native extension for WindowsStandalone target not found
Native extension for WebGL target not found
Refreshing native plugins compatible for Editor in 0.26 ms, found 2 plugins.
Preloading 0 native plugins for Editor in 0.00 ms.
Invoked RoslynAnalysisRunner static constructor.
RoslynAnalysisRunner will not be running.
RoslynAnalysisRunner has terminated.
Mono: successfully reloaded assembly
- Completed reload, in  1.139 seconds
Platform modules already initialized, skipping
========================================================================
Worker process is ready to serve import requests
Launched and connected shader compiler UnityShaderCompiler.exe after 0.06 seconds
Refreshing native plugins compatible for Editor in 0.30 ms, found 2 plugins.
Preloading 0 native plugins for Editor in 0.00 ms.
Unloading 1416 Unused Serialized files (Serialized files now loaded: 0)
System memory in use before: 65.5 MB.
System memory in use after: 65.6 MB.

Unloading 19 unused Assets to reduce memory usage. Loaded Objects now: 1850.
Total: 2.138600 ms (FindLiveObjects: 0.173000 ms CreateObjectMapping: 0.069800 ms MarkObjects: 1.822300 ms  DeleteObjects: 0.072600 ms)

========================================================================
Received Import Request.
  path: Assets/Flexible save system/Prefabs
  artifactKey: Guid(53ced4c3fa02a1945998d7632dc8862f) Importer(815301076,1909f56bfc062723c751e8b465ee728b)
Start importing Assets/Flexible save system/Prefabs using Guid(53ced4c3fa02a1945998d7632dc8862f) Importer(815301076,1909f56bfc062723c751e8b465ee728b)  -> (artifact id: 'ced1fe6a6f0e554d2791b0a881c3c0b9') in 0.009748 seconds
  Import took 0.012001 seconds .

========================================================================
Received Prepare
Registering precompiled user dll's ...
Registered in 0.066931 seconds.
Begin MonoManager ReloadAssembly
Native extension for WindowsStandalone target not found
Native extension for WebGL target not found
Refreshing native plugins compatible for Editor in 0.31 ms, found 2 plugins.
Preloading 0 native plugins for Editor in 0.00 ms.
Invoked RoslynAnalysisRunner static constructor.
RoslynAnalysisRunner will not be running.
RoslynAnalysisRunner has terminated.
Mono: successfully reloaded assembly
- Completed reload, in  1.380 seconds
Platform modules already initialized, skipping
Refreshing native plugins compatible for Editor in 0.29 ms, found 2 plugins.
Preloading 0 native plugins for Editor in 0.00 ms.
Unloading 1412 Unused Serialized files (Serialized files now loaded: 0)
System memory in use before: 65.5 MB.
System memory in use after: 65.5 MB.

Unloading 14 unused Assets to reduce memory usage. Loaded Objects now: 1854.
Total: 1.778500 ms (FindLiveObjects: 0.154500 ms CreateObjectMapping: 0.047200 ms MarkObjects: 1.524500 ms  DeleteObjects: 0.051500 ms)

========================================================================
Received Prepare
Registering precompiled user dll's ...
Registered in 0.065591 seconds.
Begin MonoManager ReloadAssembly
Native extension for WindowsStandalone target not found
Native extension for WebGL target not found
Refreshing native plugins compatible for Editor in 0.27 ms, found 2 plugins.
Preloading 0 native plugins for Editor in 0.00 ms.
Invoked RoslynAnalysisRunner static constructor.
RoslynAnalysisRunner will not be running.
RoslynAnalysisRunner has terminated.
Mono: successfully reloaded assembly
- Completed reload, in  1.033 seconds
Platform modules already initialized, skipping
Refreshing native plugins compatible for Editor in 0.29 ms, found 2 plugins.
Preloading 0 native plugins for Editor in 0.00 ms.
Unloading 1412 Unused Serialized files (Serialized files now loaded: 0)
System memory in use before: 65.5 MB.
System memory in use after: 65.6 MB.

Unloading 14 unused Assets to reduce memory usage. Loaded Objects now: 1857.
Total: 2.277800 ms (FindLiveObjects: 0.153000 ms CreateObjectMapping: 0.042400 ms MarkObjects: 2.023300 ms  DeleteObjects: 0.058200 ms)

========================================================================
Received Prepare
Registering precompiled user dll's ...
Registered in 0.008043 seconds.
Begin MonoManager ReloadAssembly
Native extension for WindowsStandalone target not found
Native extension for WebGL target not found
Refreshing native plugins compatible for Editor in 0.37 ms, found 2 plugins.
Preloading 0 native plugins for Editor in 0.00 ms.
Invoked RoslynAnalysisRunner static constructor.
RoslynAnalysisRunner will not be running.
RoslynAnalysisRunner has terminated.
Mono: successfully reloaded assembly
- Completed reload, in  1.046 seconds
Platform modules already initialized, skipping
Refreshing native plugins compatible for Editor in 0.28 ms, found 2 plugins.
Preloading 0 native plugins for Editor in 0.00 ms.
Unloading 1412 Unused Serialized files (Serialized files now loaded: 0)
System memory in use before: 65.5 MB.
System memory in use after: 65.6 MB.

Unloading 14 unused Assets to reduce memory usage. Loaded Objects now: 1860.
Total: 2.671100 ms (FindLiveObjects: 0.240400 ms CreateObjectMapping: 0.084300 ms MarkObjects: 2.294700 ms  DeleteObjects: 0.050500 ms)

========================================================================
Received Prepare
Registering precompiled user dll's ...
Registered in 0.007555 seconds.
Begin MonoManager ReloadAssembly
Native extension for WindowsStandalone target not found
Native extension for WebGL target not found
Refreshing native plugins compatible for Editor in 0.30 ms, found 2 plugins.
Preloading 0 native plugins for Editor in 0.00 ms.
Invoked RoslynAnalysisRunner static constructor.
RoslynAnalysisRunner will not be running.
RoslynAnalysisRunner has terminated.
Mono: successfully reloaded assembly
- Completed reload, in  1.011 seconds
Platform modules already initialized, skipping
Refreshing native plugins compatible for Editor in 0.28 ms, found 2 plugins.
Preloading 0 native plugins for Editor in 0.00 ms.
Unloading 1412 Unused Serialized files (Serialized files now loaded: 0)
System memory in use before: 65.5 MB.
System memory in use after: 65.6 MB.

Unloading 14 unused Assets to reduce memory usage. Loaded Objects now: 1863.
Total: 1.937200 ms (FindLiveObjects: 0.127700 ms CreateObjectMapping: 0.039200 ms MarkObjects: 1.724000 ms  DeleteObjects: 0.045600 ms)

========================================================================
Received Prepare
Registering precompiled user dll's ...
Registered in 0.007135 seconds.
Begin MonoManager ReloadAssembly
Native extension for WindowsStandalone target not found
Native extension for WebGL target not found
Refreshing native plugins compatible for Editor in 0.27 ms, found 2 plugins.
Preloading 0 native plugins for Editor in 0.00 ms.
Invoked RoslynAnalysisRunner static constructor.
RoslynAnalysisRunner will not be running.
RoslynAnalysisRunner has terminated.
Mono: successfully reloaded assembly
- Completed reload, in  1.041 seconds
Platform modules already initialized, skipping
Refreshing native plugins compatible for Editor in 0.28 ms, found 2 plugins.
Preloading 0 native plugins for Editor in 0.00 ms.
Unloading 1412 Unused Serialized files (Serialized files now loaded: 0)
System memory in use before: 65.5 MB.
System memory in use after: 65.6 MB.

Unloading 14 unused Assets to reduce memory usage. Loaded Objects now: 1866.
Total: 5.704300 ms (FindLiveObjects: 0.357600 ms CreateObjectMapping: 0.163000 ms MarkObjects: 5.080900 ms  DeleteObjects: 0.100500 ms)

========================================================================
Received Prepare
Registering precompiled user dll's ...
Registered in 0.008166 seconds.
Begin MonoManager ReloadAssembly
Native extension for WindowsStandalone target not found
Native extension for WebGL target not found
Refreshing native plugins compatible for Editor in 0.28 ms, found 2 plugins.
Preloading 0 native plugins for Editor in 0.00 ms.
Invoked RoslynAnalysisRunner static constructor.
RoslynAnalysisRunner will not be running.
RoslynAnalysisRunner has terminated.
Mono: successfully reloaded assembly
- Completed reload, in  1.000 seconds
Platform modules already initialized, skipping
Refreshing native plugins compatible for Editor in 0.28 ms, found 2 plugins.
Preloading 0 native plugins for Editor in 0.00 ms.
Unloading 1412 Unused Serialized files (Serialized files now loaded: 0)
System memory in use before: 65.5 MB.
System memory in use after: 65.6 MB.

Unloading 14 unused Assets to reduce memory usage. Loaded Objects now: 1869.
Total: 2.471100 ms (FindLiveObjects: 0.138800 ms CreateObjectMapping: 0.039700 ms MarkObjects: 2.238100 ms  DeleteObjects: 0.053700 ms)

========================================================================
Received Prepare
Registering precompiled user dll's ...
Registered in 0.008215 seconds.
Begin MonoManager ReloadAssembly
Native extension for WindowsStandalone target not found
Native extension for WebGL target not found
Refreshing native plugins compatible for Editor in 0.39 ms, found 2 plugins.
Preloading 0 native plugins for Editor in 0.00 ms.
Invoked RoslynAnalysisRunner static constructor.
RoslynAnalysisRunner will not be running.
RoslynAnalysisRunner has terminated.
Mono: successfully reloaded assembly
- Completed reload, in  1.039 seconds
Platform modules already initialized, skipping
Refreshing native plugins compatible for Editor in 0.28 ms, found 2 plugins.
Preloading 0 native plugins for Editor in 0.00 ms.
Unloading 1412 Unused Serialized files (Serialized files now loaded: 0)
System memory in use before: 65.5 MB.
System memory in use after: 65.6 MB.

Unloading 14 unused Assets to reduce memory usage. Loaded Objects now: 1872.
Total: 6.798800 ms (FindLiveObjects: 0.434600 ms CreateObjectMapping: 0.196600 ms MarkObjects: 5.978600 ms  DeleteObjects: 0.186700 ms)

========================================================================
Received Prepare
Registering precompiled user dll's ...
Registered in 0.044293 seconds.
Begin MonoManager ReloadAssembly
Native extension for WindowsStandalone target not found
Native extension for WebGL target not found
Refreshing native plugins compatible for Editor in 0.29 ms, found 2 plugins.
Preloading 0 native plugins for Editor in 0.00 ms.
Invoked RoslynAnalysisRunner static constructor.
RoslynAnalysisRunner will not be running.
RoslynAnalysisRunner has terminated.
Mono: successfully reloaded assembly
- Completed reload, in  1.013 seconds
Platform modules already initialized, skipping
Refreshing native plugins compatible for Editor in 0.28 ms, found 2 plugins.
Preloading 0 native plugins for Editor in 0.00 ms.
Unloading 1412 Unused Serialized files (Serialized files now loaded: 0)
System memory in use before: 65.6 MB.
System memory in use after: 65.6 MB.

Unloading 14 unused Assets to reduce memory usage. Loaded Objects now: 1875.
Total: 2.401400 ms (FindLiveObjects: 0.215900 ms CreateObjectMapping: 0.075600 ms MarkObjects: 2.057400 ms  DeleteObjects: 0.051200 ms)

========================================================================
Received Prepare
Registering precompiled user dll's ...
Registered in 0.007827 seconds.
Begin MonoManager ReloadAssembly
Native extension for WindowsStandalone target not found
Native extension for WebGL target not found
Refreshing native plugins compatible for Editor in 0.30 ms, found 2 plugins.
Preloading 0 native plugins for Editor in 0.00 ms.
Invoked RoslynAnalysisRunner static constructor.
RoslynAnalysisRunner will not be running.
RoslynAnalysisRunner has terminated.
Mono: successfully reloaded assembly
- Completed reload, in  1.022 seconds
Platform modules already initialized, skipping
Refreshing native plugins compatible for Editor in 0.28 ms, found 2 plugins.
Preloading 0 native plugins for Editor in 0.00 ms.
Unloading 1412 Unused Serialized files (Serialized files now loaded: 0)
System memory in use before: 65.6 MB.
System memory in use after: 65.6 MB.

Unloading 14 unused Assets to reduce memory usage. Loaded Objects now: 1878.
Total: 2.301100 ms (FindLiveObjects: 0.153200 ms CreateObjectMapping: 0.033000 ms MarkObjects: 2.064900 ms  DeleteObjects: 0.048700 ms)

========================================================================
Received Prepare
Registering precompiled user dll's ...
Registered in 0.173794 seconds.
Begin MonoManager ReloadAssembly
Native extension for WindowsStandalone target not found
Native extension for WebGL target not found
Refreshing native plugins compatible for Editor in 0.28 ms, found 2 plugins.
Preloading 0 native plugins for Editor in 0.00 ms.
Invoked RoslynAnalysisRunner static constructor.
RoslynAnalysisRunner will not be running.
RoslynAnalysisRunner has terminated.
Mono: successfully reloaded assembly
- Completed reload, in  2.498 seconds
Platform modules already initialized, skipping
Refreshing native plugins compatible for Editor in 0.28 ms, found 2 plugins.
Preloading 0 native plugins for Editor in 0.00 ms.
Unloading 1412 Unused Serialized files (Serialized files now loaded: 0)
System memory in use before: 65.6 MB.
System memory in use after: 65.6 MB.

Unloading 14 unused Assets to reduce memory usage. Loaded Objects now: 1881.
Total: 2.212400 ms (FindLiveObjects: 0.161300 ms CreateObjectMapping: 0.040100 ms MarkObjects: 1.956900 ms  DeleteObjects: 0.053200 ms)

========================================================================
Received Import Request.
  Time since last request: 5056.475971 seconds.
  path: Assets/Flexible save system/Resources
  artifactKey: Guid(d528beadf9b84f247a8cd6a76d32d273) Importer(815301076,1909f56bfc062723c751e8b465ee728b)
Start importing Assets/Flexible save system/Resources using Guid(d528beadf9b84f247a8cd6a76d32d273) Importer(815301076,1909f56bfc062723c751e8b465ee728b)  -> (artifact id: '0635a71afa297a9f852ef3676c645239') in 0.009041 seconds
  Import took 0.011619 seconds .

========================================================================
Received Import Request.
  Time since last request: 0.699569 seconds.
  path: Assets/Flexible save system/Prefabs/SaveLoadSystem.prefab
  artifactKey: Guid(834f10752edb43e45a3c0f314e22d72d) Importer(815301076,1909f56bfc062723c751e8b465ee728b)
Start importing Assets/Flexible save system/Prefabs/SaveLoadSystem.prefab using Guid(834f10752edb43e45a3c0f314e22d72d) Importer(815301076,1909f56bfc062723c751e8b465ee728b)  -> (artifact id: '1233001faef208b89ae85ec0893a5300') in 0.086188 seconds
  Import took 0.088229 seconds .

========================================================================
Received Import Request.
  Time since last request: 2.458288 seconds.
  path: Assets/Flexible save system/ExampleScenes/Demo0
  artifactKey: Guid(017887168f14a024fb9dbb2a54433c01) Importer(815301076,1909f56bfc062723c751e8b465ee728b)
Start importing Assets/Flexible save system/ExampleScenes/Demo0 using Guid(017887168f14a024fb9dbb2a54433c01) Importer(815301076,1909f56bfc062723c751e8b465ee728b)  -> (artifact id: '0835be005563b5b3d71d66ead5d81905') in 0.006431 seconds
  Import took 0.008487 seconds .

========================================================================
Received Import Request.
  Time since last request: 1.018505 seconds.
  path: Assets/Flexible save system/ExampleScenes/Demo0/Prefabs
  artifactKey: Guid(8d25f353486a3314187f48eb822a57f2) Importer(815301076,1909f56bfc062723c751e8b465ee728b)
Start importing Assets/Flexible save system/ExampleScenes/Demo0/Prefabs using Guid(8d25f353486a3314187f48eb822a57f2) Importer(815301076,1909f56bfc062723c751e8b465ee728b)  -> (artifact id: 'd896f27a0bf7651e296b71f20a0a4038') in 0.007234 seconds
  Import took 0.009435 seconds .

========================================================================
Received Import Request.
  Time since last request: 1.309209 seconds.
  path: Assets/Flexible save system/ExampleScenes/Demo0/Prefabs/Block.prefab
  artifactKey: Guid(72d14a90a85e9c34292d16450c7ba4f1) Importer(815301076,1909f56bfc062723c751e8b465ee728b)
Start importing Assets/Flexible save system/ExampleScenes/Demo0/Prefabs/Block.prefab using Guid(72d14a90a85e9c34292d16450c7ba4f1) Importer(815301076,1909f56bfc062723c751e8b465ee728b)  -> (artifact id: 'ef4415cf35e988ddf04d075c70dc192c') in 0.310559 seconds
  Import took 0.312756 seconds .

========================================================================
Received Import Request.
  Time since last request: 2.635806 seconds.
  path: Assets/Flexible save system/ExampleScenes/Demo0/Scripts
  artifactKey: Guid(76b74ae7538bb6241b5d8497b07e2896) Importer(815301076,1909f56bfc062723c751e8b465ee728b)
Start importing Assets/Flexible save system/ExampleScenes/Demo0/Scripts using Guid(76b74ae7538bb6241b5d8497b07e2896) Importer(815301076,1909f56bfc062723c751e8b465ee728b)  -> (artifact id: '47aa6415b0e1c01ed0dd4c12d4751525') in 0.007504 seconds
  Import took 0.009619 seconds .

========================================================================
Received Import Request.
  Time since last request: 1.290572 seconds.
  path: Assets/Flexible save system/ExampleScenes/Demo0/Scripts/Block.cs
  artifactKey: Guid(24081637f9c1a2c449057b7398260d3f) Importer(815301076,1909f56bfc062723c751e8b465ee728b)
Start importing Assets/Flexible save system/ExampleScenes/Demo0/Scripts/Block.cs using Guid(24081637f9c1a2c449057b7398260d3f) Importer(815301076,1909f56bfc062723c751e8b465ee728b)  -> (artifact id: '99d3fd26de99751e0f4bce39ee68eabb') in 0.031869 seconds
  Import took 0.033895 seconds .

========================================================================
Received Prepare
Registering precompiled user dll's ...
Registered in 0.008036 seconds.
Begin MonoManager ReloadAssembly
Native extension for WindowsStandalone target not found
Native extension for WebGL target not found
Refreshing native plugins compatible for Editor in 0.28 ms, found 2 plugins.
Preloading 0 native plugins for Editor in 0.00 ms.
Invoked RoslynAnalysisRunner static constructor.
RoslynAnalysisRunner will not be running.
RoslynAnalysisRunner has terminated.
Mono: successfully reloaded assembly
- Completed reload, in  1.028 seconds
Platform modules already initialized, skipping
Refreshing native plugins compatible for Editor in 0.28 ms, found 2 plugins.
Preloading 0 native plugins for Editor in 0.00 ms.
Unloading 1412 Unused Serialized files (Serialized files now loaded: 0)
System memory in use before: 68.7 MB.
System memory in use after: 68.8 MB.

Unloading 15 unused Assets to reduce memory usage. Loaded Objects now: 1892.
Total: 3.437700 ms (FindLiveObjects: 0.226200 ms CreateObjectMapping: 0.078600 ms MarkObjects: 3.021900 ms  DeleteObjects: 0.109300 ms)

========================================================================
Received Import Request.
  Time since last request: 383.439157 seconds.
  path: Assets/Flexible save system/Resources/SaveablePrefabs.asset
  artifactKey: Guid(fae340a6b94d1a8429bd30fac208fe35) Importer(815301076,1909f56bfc062723c751e8b465ee728b)
Start importing Assets/Flexible save system/Resources/SaveablePrefabs.asset using Guid(fae340a6b94d1a8429bd30fac208fe35) Importer(815301076,1909f56bfc062723c751e8b465ee728b)  -> (artifact id: '0ad4a86c2e5b1bec57f01f974ef12e06') in 0.031650 seconds
  Import took 0.034028 seconds .

========================================================================
Received Prepare
Registering precompiled user dll's ...
Registered in 0.007802 seconds.
Begin MonoManager ReloadAssembly
Native extension for WindowsStandalone target not found
Native extension for WebGL target not found
Refreshing native plugins compatible for Editor in 0.29 ms, found 2 plugins.
Preloading 0 native plugins for Editor in 0.00 ms.
Invoked RoslynAnalysisRunner static constructor.
RoslynAnalysisRunner will not be running.
RoslynAnalysisRunner has terminated.
Mono: successfully reloaded assembly
- Completed reload, in  1.025 seconds
Platform modules already initialized, skipping
Refreshing native plugins compatible for Editor in 0.34 ms, found 2 plugins.
Preloading 0 native plugins for Editor in 0.00 ms.
Unloading 1412 Unused Serialized files (Serialized files now loaded: 0)
System memory in use before: 68.8 MB.
System memory in use after: 68.9 MB.

Unloading 14 unused Assets to reduce memory usage. Loaded Objects now: 1898.
Total: 2.065800 ms (FindLiveObjects: 0.146900 ms CreateObjectMapping: 0.043300 ms MarkObjects: 1.821100 ms  DeleteObjects: 0.053500 ms)

========================================================================
Received Prepare
Registering precompiled user dll's ...
Registered in 0.006879 seconds.
Begin MonoManager ReloadAssembly
Native extension for WindowsStandalone target not found
Native extension for WebGL target not found
Refreshing native plugins compatible for Editor in 0.27 ms, found 2 plugins.
Preloading 0 native plugins for Editor in 0.00 ms.
Invoked RoslynAnalysisRunner static constructor.
RoslynAnalysisRunner will not be running.
RoslynAnalysisRunner has terminated.
Mono: successfully reloaded assembly
- Completed reload, in  0.988 seconds
Platform modules already initialized, skipping
Refreshing native plugins compatible for Editor in 0.29 ms, found 2 plugins.
Preloading 0 native plugins for Editor in 0.00 ms.
Unloading 1412 Unused Serialized files (Serialized files now loaded: 0)
System memory in use before: 68.8 MB.
System memory in use after: 68.9 MB.

Unloading 14 unused Assets to reduce memory usage. Loaded Objects now: 1901.
Total: 2.214600 ms (FindLiveObjects: 0.163800 ms CreateObjectMapping: 0.058300 ms MarkObjects: 1.938900 ms  DeleteObjects: 0.052700 ms)

========================================================================
Received Prepare
Registering precompiled user dll's ...
Registered in 0.007754 seconds.
Begin MonoManager ReloadAssembly
Native extension for WindowsStandalone target not found
Native extension for WebGL target not found
Refreshing native plugins compatible for Editor in 0.30 ms, found 2 plugins.
Preloading 0 native plugins for Editor in 0.00 ms.
Invoked RoslynAnalysisRunner static constructor.
RoslynAnalysisRunner will not be running.
RoslynAnalysisRunner has terminated.
Mono: successfully reloaded assembly
- Completed reload, in  1.101 seconds
Platform modules already initialized, skipping
Refreshing native plugins compatible for Editor in 0.30 ms, found 2 plugins.
Preloading 0 native plugins for Editor in 0.00 ms.
Unloading 1412 Unused Serialized files (Serialized files now loaded: 0)
System memory in use before: 68.8 MB.
System memory in use after: 68.9 MB.

Unloading 14 unused Assets to reduce memory usage. Loaded Objects now: 1904.
Total: 2.596600 ms (FindLiveObjects: 0.354600 ms CreateObjectMapping: 0.091800 ms MarkObjects: 2.085600 ms  DeleteObjects: 0.062700 ms)

AssetImportWorkerClient::OnTransportError - code=2 error=End of file
